TN:
SF:/home/hsiuser2020/Desktop/mern-crud/models/User.js
FNF:0
FNH:0
DA:1,1
DA:2,1
DA:5,1
DA:13,1
LF:4
LH:4
BRF:0
BRH:0
end_of_record
TN:
SF:/home/hsiuser2020/Desktop/mern-crud/routes/api/users.js
FN:8,(anonymous_0)
FN:17,(anonymous_1)
FN:19,(anonymous_2)
FN:22,(anonymous_3)
FN:27,(anonymous_4)
FN:29,(anonymous_5)
FN:30,(anonymous_6)
FN:34,(anonymous_7)
FN:42,(anonymous_8)
FN:46,(anonymous_9)
FN:48,(anonymous_10)
FN:49,(anonymous_11)
FN:51,(anonymous_12)
FN:55,(anonymous_13)
FN:69,(anonymous_14)
FN:70,(anonymous_15)
FNF:16
FNH:1
FNDA:0,(anonymous_0)
FNDA:1,(anonymous_1)
FNDA:0,(anonymous_2)
FNDA:0,(anonymous_3)
FNDA:0,(anonymous_4)
FNDA:0,(anonymous_5)
FNDA:0,(anonymous_6)
FNDA:0,(anonymous_7)
FNDA:0,(anonymous_8)
FNDA:0,(anonymous_9)
FNDA:0,(anonymous_10)
FNDA:0,(anonymous_11)
FNDA:0,(anonymous_12)
FNDA:0,(anonymous_13)
FNDA:0,(anonymous_14)
FNDA:0,(anonymous_15)
DA:1,1
DA:2,1
DA:3,1
DA:5,1
DA:7,1
DA:9,0
DA:10,0
DA:11,0
DA:12,0
DA:13,0
DA:17,1
DA:20,0
DA:22,0
DA:23,0
DA:28,0
DA:29,0
DA:30,0
DA:35,0
DA:42,0
DA:47,0
DA:49,0
DA:51,0
DA:56,0
DA:69,0
DA:70,0
DA:74,1
LF:26
LH:7
BRF:0
BRH:0
end_of_record
TN:
SF:/home/hsiuser2020/Desktop/mern-crud/spec/user.js
FN:1,(anonymous_0)
FNF:1
FNH:1
FNDA:1,(anonymous_0)
DA:1,1
DA:2,1
DA:5,1
LF:3
LH:3
BRF:0
BRH:0
end_of_record
